<?xml version="1.0" encoding="UTF-8"?>
<!-- Generated by org.testng.reporters.JUnitReportReporter -->
<testsuite hostname="LAPTOP-VRNPC7JT" failures="0" tests="1" name="com.testExecution.LoginTestExecution" time="5.700" errors="0" timestamp="2025-09-18T23:56:59 IST" skipped="0">
  <testcase classname="com.testExecution.LoginTestExecution" name="loginApp" time="5.700"/>
  <system-out/>
</testsuite> <!-- com.testExecution.LoginTestExecution -->
